Build started 21.03.2017 19:11:32.
     1>Project "C:\Users\emre\documents\visual studio 2010\Projects\Yol_Algoritmasi\Yol_Algoritmasi\Yol_Algoritmasi.vcxproj" on node 2 (build target(s)).
     1>InitializeBuildStatus:
         Creating "Debug\Yol_Algoritmasi.unsuccessfulbuild" because "AlwaysCreate" was specified.
       ClCompile:
         C:\Program Files (x86)\Microsoft Visual Studio 10.0\VC\bin\CL.exe /c /ZI /nologo /W3 /WX- /Od /Oy- /D "_CRT_SECURE_NO_WARNINGS" /Gm /EHsc /RTC1 /MDd /GS /fp:precise /Zc:wchar_t /Zc:forScope /Fo"Debug\\" /Fd"Debug\vc100.pdb" /Gd /TC /analyze- /errorReport:prompt main.c
         main.c
     1>c:\users\emre\documents\visual studio 2010\projects\yol_algoritmasi\yol_algoritmasi\main.c(136): warning C4013: 'karsilastir1' undefined; assuming extern returning int
       ManifestResourceCompile:
         All outputs are up-to-date.
       Link:
         C:\Program Files (x86)\Microsoft Visual Studio 10.0\VC\bin\link.exe /ERRORREPORT:PROMPT /OUT:"C:\Users\emre\documents\visual studio 2010\Projects\Yol_Algoritmasi\Debug\Yol_Algoritmasi.exe" /INCREMENTAL /NOLOGO kernel32.lib user32.lib gdi32.lib winspool.lib comdlg32.lib advapi32.lib shell32.lib ole32.lib oleaut32.lib uuid.lib odbc32.lib odbccp32.lib /MANIFEST /ManifestFile:"Debug\Yol_Algoritmasi.exe.intermediate.manifest" /MANIFESTUAC:"level='asInvoker' uiAccess='false'" /DEBUG /PDB:"C:\Users\emre\documents\visual studio 2010\Projects\Yol_Algoritmasi\Debug\Yol_Algoritmasi.pdb" /SUBSYSTEM:CONSOLE /TLBID:1 /DYNAMICBASE /NXCOMPAT /IMPLIB:"C:\Users\emre\documents\visual studio 2010\Projects\Yol_Algoritmasi\Debug\Yol_Algoritmasi.lib" /MACHINE:X86 Debug\Yol_Algoritmasi.exe.embed.manifest.res
         Debug\main.obj
       Manifest:
         C:\Program Files (x86)\Microsoft SDKs\Windows\v7.0A\bin\mt.exe /nologo /verbose /out:"Debug\Yol_Algoritmasi.exe.embed.manifest" /manifest Debug\Yol_Algoritmasi.exe.intermediate.manifest
         All outputs are up-to-date.
       LinkEmbedManifest:
         All outputs are up-to-date.
         Yol_Algoritmasi.vcxproj -> C:\Users\emre\documents\visual studio 2010\Projects\Yol_Algoritmasi\Debug\Yol_Algoritmasi.exe
       FinalizeBuildStatus:
         Deleting file "Debug\Yol_Algoritmasi.unsuccessfulbuild".
         Touching "Debug\Yol_Algoritmasi.lastbuildstate".
     1>Done Building Project "C:\Users\emre\documents\visual studio 2010\Projects\Yol_Algoritmasi\Yol_Algoritmasi\Yol_Algoritmasi.vcxproj" (build target(s)).

Build succeeded.

Time Elapsed 00:00:00.91
